<?xml version="1.0" encoding="UTF-8"?>
<testng-results ignored="0" total="3" passed="3" failed="0" skipped="0">
  <reporter-output>
  </reporter-output>
  <suite started-at="2023-03-29T19:16:50 IST" name="Default suite" finished-at="2023-03-29T19:22:54 IST" duration-ms="363655">
    <groups>
    </groups>
    <test started-at="2023-03-29T19:16:50 IST" name="Default test" finished-at="2023-03-29T19:22:54 IST" duration-ms="363655">
      <class name="Reliance_Suites.TW_Module">
        <test-method is-config="true" signature="beforeTest()[pri:0, instance:Reliance_Suites.TW_Module@769a1df5]" started-at="2023-03-29T19:16:50 IST" name="beforeTest" finished-at="2023-03-29T19:16:51 IST" duration-ms="58" status="PASS">
          <reporter-output>
          </reporter-output>
        </test-method> <!-- beforeTest -->
        <test-method is-config="true" signature="beforeMethod()[pri:0, instance:Reliance_Suites.TW_Module@769a1df5]" started-at="2023-03-29T19:16:51 IST" name="beforeMethod" finished-at="2023-03-29T19:16:51 IST" duration-ms="16" status="PASS">
          <reporter-output>
          </reporter-output>
        </test-method> <!-- beforeMethod -->
        <test-method signature="Credential(java.util.Map)[pri:0, instance:Reliance_Suites.TW_Module@769a1df5]" started-at="2023-03-29T19:16:51 IST" name="Credential" data-provider="BrowserLaunch" finished-at="2023-03-29T19:17:27 IST" duration-ms="36522" status="PASS">
          <params>
            <param index="0">
              <value>
                <![CDATA[{Goods0=Non Hazardous, Password0=Pass@123, Travel Days0=25, Vehicle0=TRUCK, RegisteredDate0=01-03-2023, Traveltype0=Individual, Engine0=156498, PurchaseDate0=01-03-2023, Passport Number0=E1546859, Salutation0=Mr., Communication Address0=585 ARUL NAGAR NANDIVARAM GUDUVANCHERI, DOB0=18-05-1995, FuelType0=Petrol, Number0=9585700932, Name0=Tester, PanNo0=CHUPA7088M, Marital0=Single, Month0=MARCH, Pincode0=603202, Year0=2023, Destination Country0=Greece, LandMark0=Tester, Relation0=Son, TCountry0=Schengen, Nominee Relationship0=Brother, UserName0=100002, Chassis0=467265, Age0=23, Nominee Name0=Test, LName0=R, TMobile Number0=9585700932, TYear0=1990, FName0=Aswin, Cust0=Aswin, Proposer Relationship0=Self, TEmail0=Reliance@gmail.com}]]>
              </value>
            </param>
          </params>
          <reporter-output>
          </reporter-output>
        </test-method> <!-- Credential -->
        <test-method is-config="true" signature="beforeMethod()[pri:0, instance:Reliance_Suites.TW_Module@769a1df5]" started-at="2023-03-29T19:17:28 IST" name="beforeMethod" finished-at="2023-03-29T19:17:28 IST" duration-ms="9" status="PASS">
          <reporter-output>
          </reporter-output>
        </test-method> <!-- beforeMethod -->
        <test-method signature="TwoWheeler(java.util.Map)[pri:1, instance:Reliance_Suites.TW_Module@769a1df5]" started-at="2023-03-29T19:17:28 IST" name="TwoWheeler" data-provider="BrowserLaunch" finished-at="2023-03-29T19:20:02 IST" duration-ms="153887" status="PASS">
          <params>
            <param index="0">
              <value>
                <![CDATA[{Goods0=Non Hazardous, Password0=Pass@123, Travel Days0=25, Vehicle0=TRUCK, RegisteredDate0=01-03-2023, Traveltype0=Individual, Engine0=156498, PurchaseDate0=01-03-2023, Passport Number0=E1546859, Salutation0=Mr., Communication Address0=585 ARUL NAGAR NANDIVARAM GUDUVANCHERI, DOB0=18-05-1995, FuelType0=Petrol, Number0=9585700932, Name0=Tester, PanNo0=CHUPA7088M, Marital0=Single, Month0=MARCH, Pincode0=603202, Year0=2023, Destination Country0=Greece, LandMark0=Tester, Relation0=Son, TCountry0=Schengen, Nominee Relationship0=Brother, UserName0=100002, Chassis0=467265, Age0=23, Nominee Name0=Test, LName0=R, TMobile Number0=9585700932, TYear0=1990, FName0=Aswin, Cust0=Aswin, Proposer Relationship0=Self, TEmail0=Reliance@gmail.com}]]>
              </value>
            </param>
          </params>
          <reporter-output>
          </reporter-output>
        </test-method> <!-- TwoWheeler -->
        <test-method is-config="true" signature="beforeMethod()[pri:0, instance:Reliance_Suites.TW_Module@769a1df5]" started-at="2023-03-29T19:20:02 IST" name="beforeMethod" finished-at="2023-03-29T19:20:02 IST" duration-ms="14" status="PASS">
          <reporter-output>
          </reporter-output>
        </test-method> <!-- beforeMethod -->
        <test-method signature="TwoWheelerLiability(java.util.Map)[pri:2, instance:Reliance_Suites.TW_Module@769a1df5]" started-at="2023-03-29T19:20:02 IST" name="TwoWheelerLiability" data-provider="BrowserLaunch" finished-at="2023-03-29T19:22:54 IST" duration-ms="172017" status="PASS">
          <params>
            <param index="0">
              <value>
                <![CDATA[{Goods0=Non Hazardous, Password0=Pass@123, Travel Days0=25, Vehicle0=TRUCK, RegisteredDate0=01-03-2023, Traveltype0=Individual, Engine0=156498, PurchaseDate0=01-03-2023, Passport Number0=E1546859, Salutation0=Mr., Communication Address0=585 ARUL NAGAR NANDIVARAM GUDUVANCHERI, DOB0=18-05-1995, FuelType0=Petrol, Number0=9585700932, Name0=Tester, PanNo0=CHUPA7088M, Marital0=Single, Month0=MARCH, Pincode0=603202, Year0=2023, Destination Country0=Greece, LandMark0=Tester, Relation0=Son, TCountry0=Schengen, Nominee Relationship0=Brother, UserName0=100002, Chassis0=467265, Age0=23, Nominee Name0=Test, LName0=R, TMobile Number0=9585700932, TYear0=1990, FName0=Aswin, Cust0=Aswin, Proposer Relationship0=Self, TEmail0=Reliance@gmail.com}]]>
              </value>
            </param>
          </params>
          <reporter-output>
          </reporter-output>
        </test-method> <!-- TwoWheelerLiability -->
      </class> <!-- Reliance_Suites.TW_Module -->
    </test> <!-- Default test -->
  </suite> <!-- Default suite -->
</testng-results>
